[2025-11-20 10:01:58] [INFO] 初始化监控日志文件
[2025-11-20 10:01:58] [INFO] 开始持续监控 - 监控目录: ./prompts
[2025-11-20 10:01:58] [INFO] 执行单次监控检查
[2025-11-20 10:01:58] [INFO] 执行系统健康检查...
[2025-11-20 10:01:58] [SUCCESS] 系统健康检查通过
[2025-11-20 10:01:58] [INFO] 收集质量指标...
[2025-11-20 10:01:58] [METRIC] 总模块数: 13
[2025-11-20 10:01:59] [METRIC] 元数据完整性: 84% (11/13)
[2025-11-20 10:01:59] [METRIC] 平均文件大小: 3781 字节
[2025-11-20 10:01:59] [METRIC] 最近7天更新的模块: 1
[2025-11-20 10:01:59] [METRIC] 未提交变更: 16
[2025-11-20 10:01:59] [METRIC] 最后提交: 2a64070 Merge branch 'main' of github.com:keithMonster/cg
[2025-11-20 10:01:59] [INFO] 检查告警条件...
[2025-11-20 10:01:59] [INFO] 指标值: 缺失元数据=2, 完整性=84%, 未提交=16
[2025-11-20 10:01:59] [WARNING] 警告: 元数据完整性偏低 (84% < 90%)
[2025-11-20 10:01:59] [INFO] 告警检查完成
[2025-11-20 10:01:59] [INFO] 运行质量审查...
[2025-11-20 10:01:59] [SUCCESS] 质量审查完成
[2025-11-20 10:01:59] [METRIC] 审查发现模块数: 13
[2025-11-20 10:01:59] [INFO] 最新审查报告: outputs/simple_audit_20251120_100159.md
[2025-11-20 10:01:59] [INFO] 生成监控报告: ./outputs/monitoring/monitoring_report_20251120_100159.md
[2025-11-20 10:01:59] [INFO] 收集质量指标...
[2025-11-20 10:01:59] [METRIC] 总模块数: 13
[2025-11-20 10:01:59] [METRIC] 元数据完整性: 84% (11/13)
[2025-11-20 10:02:00] [METRIC] 平均文件大小: 3781 字节
[2025-11-20 10:02:00] [METRIC] 最近7天更新的模块: 1
[2025-11-20 10:02:00] [METRIC] 未提交变更: 16
[2025-11-20 10:02:00] [METRIC] 最后提交: 2a64070 Merge branch 'main' of github.com:keithMonster/cg
[2025-11-20 10:02:00] [INFO] 执行系统健康检查...
[2025-11-20 10:02:00] [SUCCESS] 系统健康检查通过
[2025-11-20 10:02:00] [SUCCESS] 监控报告已生成
[2025-11-20 10:02:00] [INFO] 清理旧监控报告...
[2025-11-20 10:02:00] [SUCCESS] 单次监控检查完成
[2025-11-20 10:02:40] [INFO] 开始持续监控 - 监控目录: ./prompts
[2025-11-20 10:02:40] [INFO] 执行单次监控检查
[2025-11-20 10:02:40] [INFO] 执行系统健康检查...
[2025-11-20 10:02:40] [SUCCESS] 系统健康检查通过
[2025-11-20 10:02:40] [INFO] 收集质量指标...
[2025-11-20 10:02:40] [METRIC] 总模块数: 13
[2025-11-20 10:02:40] [METRIC] 元数据完整性: 92% (12/13)
[2025-11-20 10:02:40] [METRIC] 平均文件大小: 3798 字节
[2025-11-20 10:02:40] [METRIC] 最近7天更新的模块: 2
[2025-11-20 10:02:41] [METRIC] 未提交变更: 16
[2025-11-20 10:02:41] [METRIC] 最后提交: 2a64070 Merge branch 'main' of github.com:keithMonster/cg
[2025-11-20 10:02:41] [INFO] 检查告警条件...
[2025-11-20 10:02:41] [INFO] 指标值: 缺失元数据=1, 完整性=92%, 未提交=16
[2025-11-20 10:02:41] [INFO] 告警检查完成
[2025-11-20 10:02:41] [INFO] 运行质量审查...
[2025-11-20 10:02:41] [SUCCESS] 质量审查完成
[2025-11-20 10:02:41] [METRIC] 审查发现模块数: 13
[2025-11-20 10:02:41] [INFO] 最新审查报告: outputs/simple_audit_20251120_100241.md
[2025-11-20 10:02:41] [INFO] 生成监控报告: ./outputs/monitoring/monitoring_report_20251120_100241.md
[2025-11-20 10:02:41] [INFO] 收集质量指标...
[2025-11-20 10:02:41] [METRIC] 总模块数: 13
[2025-11-20 10:02:41] [METRIC] 元数据完整性: 92% (12/13)
[2025-11-20 10:02:41] [METRIC] 平均文件大小: 3798 字节
[2025-11-20 10:02:41] [METRIC] 最近7天更新的模块: 2
[2025-11-20 10:02:41] [METRIC] 未提交变更: 16
[2025-11-20 10:02:41] [METRIC] 最后提交: 2a64070 Merge branch 'main' of github.com:keithMonster/cg
[2025-11-20 10:02:41] [INFO] 执行系统健康检查...
[2025-11-20 10:02:41] [SUCCESS] 系统健康检查通过
[2025-11-20 10:02:41] [SUCCESS] 监控报告已生成
[2025-11-20 10:02:41] [INFO] 清理旧监控报告...
[2025-11-20 10:02:41] [SUCCESS] 单次监控检查完成
[2025-11-20 10:05:48] [INFO] 开始持续监控 - 监控目录: ./prompts
[2025-11-20 10:05:48] [INFO] 执行单次监控检查
[2025-11-20 10:05:48] [INFO] 执行系统健康检查...
[2025-11-20 10:05:48] [SUCCESS] 系统健康检查通过
[2025-11-20 10:05:48] [INFO] 收集质量指标...
[2025-11-20 10:05:48] [METRIC] 总模块数: 17
[2025-11-20 10:05:48] [METRIC] 元数据完整性: 94% (16/17)
[2025-11-20 10:05:48] [METRIC] 平均文件大小: 3208 字节
[2025-11-20 10:05:48] [METRIC] 最近7天更新的模块: 6
[2025-11-20 10:05:48] [METRIC] 未提交变更: 4
[2025-11-20 10:05:48] [METRIC] 最后提交: 331dcf2 refactor: restructure skill prompts into dedicated directories and add new monitoring/audit outputs.
[2025-11-20 10:05:48] [INFO] 检查告警条件...
[2025-11-20 10:05:48] [INFO] 指标值: 缺失元数据=1, 完整性=94%, 未提交=4
[2025-11-20 10:05:48] [INFO] 告警检查完成
[2025-11-20 10:05:48] [INFO] 运行质量审查...
[2025-11-20 10:05:48] [SUCCESS] 质量审查完成
[2025-11-20 10:05:48] [METRIC] 审查发现模块数: 17
[2025-11-20 10:05:48] [INFO] 最新审查报告: outputs/simple_audit_20251120_100548.md
[2025-11-20 10:05:48] [INFO] 生成监控报告: ./outputs/monitoring/monitoring_report_20251120_100548.md
[2025-11-20 10:05:48] [INFO] 收集质量指标...
[2025-11-20 10:05:48] [METRIC] 总模块数: 17
[2025-11-20 10:05:49] [METRIC] 元数据完整性: 94% (16/17)
[2025-11-20 10:05:49] [METRIC] 平均文件大小: 3208 字节
[2025-11-20 10:05:49] [METRIC] 最近7天更新的模块: 6
[2025-11-20 10:05:49] [METRIC] 未提交变更: 5
[2025-11-20 10:05:49] [METRIC] 最后提交: 331dcf2 refactor: restructure skill prompts into dedicated directories and add new monitoring/audit outputs.
[2025-11-20 10:05:49] [INFO] 执行系统健康检查...
[2025-11-20 10:05:49] [SUCCESS] 系统健康检查通过
[2025-11-20 10:05:49] [SUCCESS] 监控报告已生成
[2025-11-20 10:05:49] [INFO] 清理旧监控报告...
[2025-11-20 10:05:49] [SUCCESS] 单次监控检查完成
[2025-11-20 10:23:13] [INFO] 开始持续监控 - 监控目录: ./prompts
[2025-11-20 10:23:13] [INFO] 执行单次监控检查
[2025-11-20 10:23:13] [INFO] 执行系统健康检查...
[2025-11-20 10:23:13] [SUCCESS] 系统健康检查通过
[2025-11-20 10:23:13] [INFO] 收集质量指标...
[2025-11-20 10:23:13] [METRIC] 总模块数: 19
[2025-11-20 10:23:13] [METRIC] 元数据完整性: 94% (18/19)
[2025-11-20 10:23:13] [METRIC] 平均文件大小: 3035 字节
[2025-11-20 10:23:13] [METRIC] 最近7天更新的模块: 8
[2025-11-20 10:23:13] [METRIC] 未提交变更: 8
[2025-11-20 10:23:13] [METRIC] 最后提交: 331dcf2 refactor: restructure skill prompts into dedicated directories and add new monitoring/audit outputs.
[2025-11-20 10:23:13] [INFO] 检查告警条件...
[2025-11-20 10:23:13] [INFO] 指标值: 缺失元数据=1, 完整性=94%, 未提交=8
[2025-11-20 10:23:13] [INFO] 告警检查完成
[2025-11-20 10:23:13] [INFO] 运行质量审查...
[2025-11-20 10:23:14] [SUCCESS] 质量审查完成
[2025-11-20 10:23:14] [METRIC] 审查发现模块数: 19
[2025-11-20 10:23:14] [INFO] 最新审查报告: outputs/simple_audit_20251120_102313.md
[2025-11-20 10:23:14] [INFO] 生成监控报告: ./outputs/monitoring/monitoring_report_20251120_102314.md
[2025-11-20 10:23:14] [INFO] 收集质量指标...
[2025-11-20 10:23:14] [METRIC] 总模块数: 19
[2025-11-20 10:23:14] [METRIC] 元数据完整性: 94% (18/19)
[2025-11-20 10:23:14] [METRIC] 平均文件大小: 3035 字节
[2025-11-20 10:23:14] [METRIC] 最近7天更新的模块: 8
[2025-11-20 10:23:14] [METRIC] 未提交变更: 9
[2025-11-20 10:23:14] [METRIC] 最后提交: 331dcf2 refactor: restructure skill prompts into dedicated directories and add new monitoring/audit outputs.
[2025-11-20 10:23:14] [INFO] 执行系统健康检查...
[2025-11-20 10:23:14] [SUCCESS] 系统健康检查通过
[2025-11-20 10:23:14] [SUCCESS] 监控报告已生成
[2025-11-20 10:23:14] [INFO] 清理旧监控报告...
[2025-11-20 10:23:14] [SUCCESS] 单次监控检查完成
[2025-11-20 10:42:37] [INFO] 开始持续监控 - 监控目录: ./prompts
[2025-11-20 10:42:37] [INFO] 执行单次监控检查
[2025-11-20 10:42:37] [INFO] 执行系统健康检查...
[2025-11-20 10:42:37] [SUCCESS] 系统健康检查通过
[2025-11-20 10:42:37] [INFO] 收集质量指标...
[2025-11-20 10:42:37] [METRIC] 总模块数: 19
[2025-11-20 10:42:37] [METRIC] 元数据完整性: 94% (18/19)
[2025-11-20 10:42:37] [METRIC] 平均文件大小: 3173 字节
[2025-11-20 10:42:37] [METRIC] 最近7天更新的模块: 8
[2025-11-20 10:42:37] [METRIC] 未提交变更: 10
[2025-11-20 10:42:37] [METRIC] 最后提交: 331dcf2 refactor: restructure skill prompts into dedicated directories and add new monitoring/audit outputs.
[2025-11-20 10:42:37] [INFO] 检查告警条件...
[2025-11-20 10:42:37] [INFO] 指标值: 缺失元数据=1, 完整性=94%, 未提交=10
[2025-11-20 10:42:37] [INFO] 告警检查完成
[2025-11-20 10:42:37] [INFO] 运行质量审查...
[2025-11-20 10:42:37] [SUCCESS] 质量审查完成
[2025-11-20 10:42:37] [METRIC] 审查发现模块数: 19
[2025-11-20 10:42:37] [INFO] 最新审查报告: outputs/simple_audit_20251120_104237.md
[2025-11-20 10:42:37] [INFO] 生成监控报告: ./outputs/monitoring/monitoring_report_20251120_104237.md
[2025-11-20 10:42:37] [INFO] 收集质量指标...
[2025-11-20 10:42:37] [METRIC] 总模块数: 19
[2025-11-20 10:42:37] [METRIC] 元数据完整性: 94% (18/19)
[2025-11-20 10:42:37] [METRIC] 平均文件大小: 3173 字节
[2025-11-20 10:42:37] [METRIC] 最近7天更新的模块: 8
[2025-11-20 10:42:37] [METRIC] 未提交变更: 11
[2025-11-20 10:42:37] [METRIC] 最后提交: 331dcf2 refactor: restructure skill prompts into dedicated directories and add new monitoring/audit outputs.
[2025-11-20 10:42:37] [INFO] 执行系统健康检查...
[2025-11-20 10:42:37] [SUCCESS] 系统健康检查通过
[2025-11-20 10:42:38] [SUCCESS] 监控报告已生成
[2025-11-20 10:42:38] [INFO] 清理旧监控报告...
[2025-11-20 10:42:38] [SUCCESS] 单次监控检查完成
[2025-11-20 10:48:09] [INFO] 开始持续监控 - 监控目录: ./prompts
[2025-11-20 10:48:09] [INFO] 执行单次监控检查
[2025-11-20 10:48:09] [INFO] 执行系统健康检查...
[2025-11-20 10:48:09] [SUCCESS] 系统健康检查通过
[2025-11-20 10:48:09] [INFO] 收集质量指标...
[2025-11-20 10:48:09] [METRIC] 总模块数: 19
[2025-11-20 10:48:09] [METRIC] 元数据完整性: 94% (18/19)
[2025-11-20 10:48:09] [METRIC] 平均文件大小: 3183 字节
[2025-11-20 10:48:09] [METRIC] 最近7天更新的模块: 8
[2025-11-20 10:48:09] [METRIC] 未提交变更: 12
[2025-11-20 10:48:09] [METRIC] 最后提交: 331dcf2 refactor: restructure skill prompts into dedicated directories and add new monitoring/audit outputs.
[2025-11-20 10:48:09] [INFO] 检查告警条件...
[2025-11-20 10:48:09] [INFO] 指标值: 缺失元数据=1, 完整性=94%, 未提交=12
[2025-11-20 10:48:09] [INFO] 告警检查完成
[2025-11-20 10:48:09] [INFO] 运行质量审查...
[2025-11-20 10:48:10] [SUCCESS] 质量审查完成
[2025-11-20 10:48:10] [METRIC] 审查发现模块数: 19
[2025-11-20 10:48:10] [INFO] 最新审查报告: outputs/simple_audit_20251120_104809.md
[2025-11-20 10:48:10] [INFO] 生成监控报告: ./outputs/monitoring/monitoring_report_20251120_104810.md
[2025-11-20 10:48:10] [INFO] 收集质量指标...
[2025-11-20 10:48:10] [METRIC] 总模块数: 19
[2025-11-20 10:48:10] [METRIC] 元数据完整性: 94% (18/19)
[2025-11-20 10:48:10] [METRIC] 平均文件大小: 3183 字节
[2025-11-20 10:48:10] [METRIC] 最近7天更新的模块: 8
[2025-11-20 10:48:10] [METRIC] 未提交变更: 13
[2025-11-20 10:48:10] [METRIC] 最后提交: 331dcf2 refactor: restructure skill prompts into dedicated directories and add new monitoring/audit outputs.
[2025-11-20 10:48:10] [INFO] 执行系统健康检查...
[2025-11-20 10:48:10] [SUCCESS] 系统健康检查通过
[2025-11-20 10:48:10] [SUCCESS] 监控报告已生成
[2025-11-20 10:48:10] [INFO] 清理旧监控报告...
[2025-11-20 10:48:10] [SUCCESS] 单次监控检查完成
